mode: set
github.com/SoegiDev/EmployeesGo/country.go:15.37,17.2 1 1
github.com/SoegiDev/EmployeesGo/department.go:18.40,20.2 1 1
github.com/SoegiDev/EmployeesGo/empGo.go:23.37,28.2 4 1
github.com/SoegiDev/EmployeesGo/empGo.go:43.33,51.2 7 1
github.com/SoegiDev/EmployeesGo/empGo.go:53.29,55.2 1 0
github.com/SoegiDev/EmployeesGo/empGo.go:58.63,62.22 3 1
github.com/SoegiDev/EmployeesGo/empGo.go:65.2,65.27 1 1
github.com/SoegiDev/EmployeesGo/empGo.go:69.2,69.25 1 1
github.com/SoegiDev/EmployeesGo/empGo.go:62.22,64.3 1 0
github.com/SoegiDev/EmployeesGo/empGo.go:65.27,67.3 1 1
github.com/SoegiDev/EmployeesGo/empGo.go:73.94,76.22 3 1
github.com/SoegiDev/EmployeesGo/empGo.go:79.2,79.12 1 1
github.com/SoegiDev/EmployeesGo/empGo.go:76.22,78.3 1 0
github.com/SoegiDev/EmployeesGo/empGo.go:82.65,85.22 3 1
github.com/SoegiDev/EmployeesGo/empGo.go:92.2,94.12 2 1
github.com/SoegiDev/EmployeesGo/empGo.go:85.22,86.51 1 1
github.com/SoegiDev/EmployeesGo/empGo.go:86.51,88.4 1 1
github.com/SoegiDev/EmployeesGo/empGo.go:97.78,102.27 5 1
github.com/SoegiDev/EmployeesGo/empGo.go:105.2,109.22 4 1
github.com/SoegiDev/EmployeesGo/empGo.go:114.2,114.33 1 1
github.com/SoegiDev/EmployeesGo/empGo.go:117.2,117.32 1 1
github.com/SoegiDev/EmployeesGo/empGo.go:120.2,127.32 2 1
github.com/SoegiDev/EmployeesGo/empGo.go:102.27,104.3 1 1
github.com/SoegiDev/EmployeesGo/empGo.go:109.22,110.51 1 1
github.com/SoegiDev/EmployeesGo/empGo.go:110.51,112.4 1 1
github.com/SoegiDev/EmployeesGo/empGo.go:114.33,116.3 1 1
github.com/SoegiDev/EmployeesGo/empGo.go:117.32,119.3 1 0
github.com/SoegiDev/EmployeesGo/empGo.go:130.61,135.2 3 1
github.com/SoegiDev/EmployeesGo/empGo.go:138.57,142.22 3 1
github.com/SoegiDev/EmployeesGo/empGo.go:145.2,145.27 1 1
github.com/SoegiDev/EmployeesGo/empGo.go:149.2,149.25 1 1
github.com/SoegiDev/EmployeesGo/empGo.go:142.22,144.3 1 0
github.com/SoegiDev/EmployeesGo/empGo.go:145.27,147.3 1 1
github.com/SoegiDev/EmployeesGo/empGo.go:152.88,155.22 3 1
github.com/SoegiDev/EmployeesGo/empGo.go:158.2,158.12 1 1
github.com/SoegiDev/EmployeesGo/empGo.go:155.22,157.3 1 0
github.com/SoegiDev/EmployeesGo/empGo.go:161.59,164.22 3 1
github.com/SoegiDev/EmployeesGo/empGo.go:171.2,172.12 2 1
github.com/SoegiDev/EmployeesGo/empGo.go:164.22,165.51 1 1
github.com/SoegiDev/EmployeesGo/empGo.go:165.51,167.4 1 1
github.com/SoegiDev/EmployeesGo/empGo.go:175.72,179.27 4 1
github.com/SoegiDev/EmployeesGo/empGo.go:182.2,186.22 4 1
github.com/SoegiDev/EmployeesGo/empGo.go:192.2,192.28 1 1
github.com/SoegiDev/EmployeesGo/empGo.go:196.2,201.29 2 1
github.com/SoegiDev/EmployeesGo/empGo.go:179.27,181.3 1 1
github.com/SoegiDev/EmployeesGo/empGo.go:186.22,187.51 1 1
github.com/SoegiDev/EmployeesGo/empGo.go:187.51,189.4 1 1
github.com/SoegiDev/EmployeesGo/empGo.go:192.28,194.3 1 1
github.com/SoegiDev/EmployeesGo/empGo.go:204.55,209.2 3 1
github.com/SoegiDev/EmployeesGo/empGo.go:212.59,216.22 3 1
github.com/SoegiDev/EmployeesGo/empGo.go:219.2,219.27 1 1
github.com/SoegiDev/EmployeesGo/empGo.go:223.2,223.25 1 1
github.com/SoegiDev/EmployeesGo/empGo.go:216.22,218.3 1 0
github.com/SoegiDev/EmployeesGo/empGo.go:219.27,221.3 1 1
github.com/SoegiDev/EmployeesGo/empGo.go:226.90,229.22 3 1
github.com/SoegiDev/EmployeesGo/empGo.go:232.2,232.12 1 1
github.com/SoegiDev/EmployeesGo/empGo.go:229.22,231.3 1 0
github.com/SoegiDev/EmployeesGo/empGo.go:235.61,238.22 3 1
github.com/SoegiDev/EmployeesGo/empGo.go:245.2,246.12 2 1
github.com/SoegiDev/EmployeesGo/empGo.go:238.22,239.51 1 1
github.com/SoegiDev/EmployeesGo/empGo.go:239.51,241.4 1 1
github.com/SoegiDev/EmployeesGo/empGo.go:249.74,253.27 4 1
github.com/SoegiDev/EmployeesGo/empGo.go:256.2,260.22 4 1
github.com/SoegiDev/EmployeesGo/empGo.go:265.2,265.30 1 1
github.com/SoegiDev/EmployeesGo/empGo.go:269.2,277.30 2 1
github.com/SoegiDev/EmployeesGo/empGo.go:253.27,255.3 1 1
github.com/SoegiDev/EmployeesGo/empGo.go:260.22,261.51 1 1
github.com/SoegiDev/EmployeesGo/empGo.go:261.51,263.4 1 1
github.com/SoegiDev/EmployeesGo/empGo.go:265.30,267.3 1 1
github.com/SoegiDev/EmployeesGo/empGo.go:280.57,286.2 3 1
github.com/SoegiDev/EmployeesGo/empGo.go:289.55,293.22 3 1
github.com/SoegiDev/EmployeesGo/empGo.go:296.2,296.27 1 1
github.com/SoegiDev/EmployeesGo/empGo.go:300.2,300.25 1 1
github.com/SoegiDev/EmployeesGo/empGo.go:293.22,295.3 1 0
github.com/SoegiDev/EmployeesGo/empGo.go:296.27,298.3 1 1
github.com/SoegiDev/EmployeesGo/empGo.go:303.86,306.22 3 1
github.com/SoegiDev/EmployeesGo/empGo.go:309.2,309.12 1 1
github.com/SoegiDev/EmployeesGo/empGo.go:306.22,308.3 1 0
github.com/SoegiDev/EmployeesGo/empGo.go:312.57,315.22 3 1
github.com/SoegiDev/EmployeesGo/empGo.go:319.2,320.29 2 1
github.com/SoegiDev/EmployeesGo/empGo.go:323.2,323.12 1 1
github.com/SoegiDev/EmployeesGo/empGo.go:315.22,317.3 1 1
github.com/SoegiDev/EmployeesGo/empGo.go:320.29,322.3 1 0
github.com/SoegiDev/EmployeesGo/empGo.go:326.62,328.27 2 1
github.com/SoegiDev/EmployeesGo/empGo.go:331.2,335.22 4 1
github.com/SoegiDev/EmployeesGo/empGo.go:342.2,342.22 1 1
github.com/SoegiDev/EmployeesGo/empGo.go:328.27,330.3 1 0
github.com/SoegiDev/EmployeesGo/empGo.go:335.22,336.51 1 1
github.com/SoegiDev/EmployeesGo/empGo.go:336.51,338.4 1 1
github.com/SoegiDev/EmployeesGo/empGo.go:345.53,351.2 3 1
github.com/SoegiDev/EmployeesGo/empGo.go:354.49,358.22 3 1
github.com/SoegiDev/EmployeesGo/empGo.go:361.2,361.27 1 1
github.com/SoegiDev/EmployeesGo/empGo.go:365.2,365.25 1 1
github.com/SoegiDev/EmployeesGo/empGo.go:358.22,360.3 1 0
github.com/SoegiDev/EmployeesGo/empGo.go:361.27,363.3 1 1
github.com/SoegiDev/EmployeesGo/empGo.go:368.80,371.22 3 1
github.com/SoegiDev/EmployeesGo/empGo.go:374.2,374.12 1 1
github.com/SoegiDev/EmployeesGo/empGo.go:371.22,373.3 1 0
github.com/SoegiDev/EmployeesGo/empGo.go:377.51,380.22 3 1
github.com/SoegiDev/EmployeesGo/empGo.go:387.2,388.12 2 1
github.com/SoegiDev/EmployeesGo/empGo.go:380.22,381.51 1 1
github.com/SoegiDev/EmployeesGo/empGo.go:381.51,383.4 1 1
github.com/SoegiDev/EmployeesGo/empGo.go:391.64,394.27 3 1
github.com/SoegiDev/EmployeesGo/empGo.go:397.2,401.22 4 1
github.com/SoegiDev/EmployeesGo/empGo.go:407.2,413.24 2 1
github.com/SoegiDev/EmployeesGo/empGo.go:394.27,396.3 1 1
github.com/SoegiDev/EmployeesGo/empGo.go:401.22,402.51 1 1
github.com/SoegiDev/EmployeesGo/empGo.go:402.51,404.4 1 1
github.com/SoegiDev/EmployeesGo/empGo.go:416.47,422.2 3 1
github.com/SoegiDev/EmployeesGo/empGo.go:425.63,429.22 3 1
github.com/SoegiDev/EmployeesGo/empGo.go:432.2,432.27 1 1
github.com/SoegiDev/EmployeesGo/empGo.go:436.2,436.25 1 1
github.com/SoegiDev/EmployeesGo/empGo.go:429.22,431.3 1 0
github.com/SoegiDev/EmployeesGo/empGo.go:432.27,434.3 1 1
github.com/SoegiDev/EmployeesGo/empGo.go:439.87,442.22 3 1
github.com/SoegiDev/EmployeesGo/empGo.go:445.2,445.12 1 1
github.com/SoegiDev/EmployeesGo/empGo.go:442.22,444.3 1 0
github.com/SoegiDev/EmployeesGo/empGo.go:448.58,451.22 3 1
github.com/SoegiDev/EmployeesGo/empGo.go:458.2,459.12 2 1
github.com/SoegiDev/EmployeesGo/empGo.go:451.22,452.51 1 1
github.com/SoegiDev/EmployeesGo/empGo.go:452.51,454.4 1 1
github.com/SoegiDev/EmployeesGo/empGo.go:462.78,467.27 5 1
github.com/SoegiDev/EmployeesGo/empGo.go:470.2,474.22 4 1
github.com/SoegiDev/EmployeesGo/empGo.go:480.2,480.21 1 1
github.com/SoegiDev/EmployeesGo/empGo.go:483.2,483.21 1 1
github.com/SoegiDev/EmployeesGo/empGo.go:486.2,494.23 2 1
github.com/SoegiDev/EmployeesGo/empGo.go:467.27,469.3 1 1
github.com/SoegiDev/EmployeesGo/empGo.go:474.22,475.51 1 1
github.com/SoegiDev/EmployeesGo/empGo.go:475.51,477.4 1 1
github.com/SoegiDev/EmployeesGo/empGo.go:480.21,482.3 1 1
github.com/SoegiDev/EmployeesGo/empGo.go:483.21,485.3 1 1
github.com/SoegiDev/EmployeesGo/empGo.go:497.61,503.2 3 1
github.com/SoegiDev/EmployeesGo/empGo.go:506.59,510.22 3 1
github.com/SoegiDev/EmployeesGo/empGo.go:513.2,513.27 1 1
github.com/SoegiDev/EmployeesGo/empGo.go:517.2,517.25 1 1
github.com/SoegiDev/EmployeesGo/empGo.go:510.22,512.3 1 0
github.com/SoegiDev/EmployeesGo/empGo.go:513.27,515.3 1 1
github.com/SoegiDev/EmployeesGo/empGo.go:520.90,523.22 3 1
github.com/SoegiDev/EmployeesGo/empGo.go:526.2,526.12 1 1
github.com/SoegiDev/EmployeesGo/empGo.go:523.22,525.3 1 0
github.com/SoegiDev/EmployeesGo/empGo.go:529.61,532.22 3 1
github.com/SoegiDev/EmployeesGo/empGo.go:539.2,540.12 2 1
github.com/SoegiDev/EmployeesGo/empGo.go:532.22,533.51 1 1
github.com/SoegiDev/EmployeesGo/empGo.go:533.51,535.4 1 1
github.com/SoegiDev/EmployeesGo/empGo.go:543.74,548.27 5 1
github.com/SoegiDev/EmployeesGo/empGo.go:551.2,555.22 4 1
github.com/SoegiDev/EmployeesGo/empGo.go:560.2,560.33 1 1
github.com/SoegiDev/EmployeesGo/empGo.go:563.2,563.26 1 1
github.com/SoegiDev/EmployeesGo/empGo.go:566.2,582.24 2 1
github.com/SoegiDev/EmployeesGo/empGo.go:548.27,550.3 1 1
github.com/SoegiDev/EmployeesGo/empGo.go:555.22,556.51 1 1
github.com/SoegiDev/EmployeesGo/empGo.go:556.51,558.4 1 1
github.com/SoegiDev/EmployeesGo/empGo.go:560.33,562.3 1 1
github.com/SoegiDev/EmployeesGo/empGo.go:563.26,565.3 1 1
github.com/SoegiDev/EmployeesGo/empGo.go:585.57,591.2 3 1
github.com/SoegiDev/EmployeesGo/empGo.go:593.35,594.13 1 1
github.com/SoegiDev/EmployeesGo/empGo.go:598.2,598.11 1 1
github.com/SoegiDev/EmployeesGo/empGo.go:594.13,596.3 1 1
github.com/SoegiDev/EmployeesGo/employee.go:39.38,41.2 1 1
github.com/SoegiDev/EmployeesGo/job.go:19.33,21.2 1 1
github.com/SoegiDev/EmployeesGo/job_history.go:23.40,25.2 1 1
github.com/SoegiDev/EmployeesGo/location.go:21.38,23.2 1 1
github.com/SoegiDev/EmployeesGo/region.go:8.36,10.2 1 1
