mode: set
github.com/SoegiDev/EmployeesGo/country.go:15.37,17.2 1 1
github.com/SoegiDev/EmployeesGo/department.go:18.40,20.2 1 1
github.com/SoegiDev/EmployeesGo/empGo.go:23.37,28.2 4 1
github.com/SoegiDev/EmployeesGo/empGo.go:43.33,51.2 7 1
github.com/SoegiDev/EmployeesGo/empGo.go:53.29,55.2 1 0
github.com/SoegiDev/EmployeesGo/empGo.go:58.63,62.22 3 1
github.com/SoegiDev/EmployeesGo/empGo.go:65.2,65.27 1 1
github.com/SoegiDev/EmployeesGo/empGo.go:69.2,69.25 1 1
github.com/SoegiDev/EmployeesGo/empGo.go:62.22,64.3 1 0
github.com/SoegiDev/EmployeesGo/empGo.go:65.27,67.3 1 1
github.com/SoegiDev/EmployeesGo/empGo.go:73.94,76.22 3 0
github.com/SoegiDev/EmployeesGo/empGo.go:79.2,79.12 1 0
github.com/SoegiDev/EmployeesGo/empGo.go:76.22,78.3 1 0
github.com/SoegiDev/EmployeesGo/empGo.go:82.65,85.22 3 0
github.com/SoegiDev/EmployeesGo/empGo.go:92.2,94.12 2 0
github.com/SoegiDev/EmployeesGo/empGo.go:85.22,86.51 1 0
github.com/SoegiDev/EmployeesGo/empGo.go:86.51,88.4 1 0
github.com/SoegiDev/EmployeesGo/empGo.go:97.78,102.27 5 1
github.com/SoegiDev/EmployeesGo/empGo.go:105.2,109.22 4 1
github.com/SoegiDev/EmployeesGo/empGo.go:114.2,114.33 1 1
github.com/SoegiDev/EmployeesGo/empGo.go:117.2,117.32 1 1
github.com/SoegiDev/EmployeesGo/empGo.go:120.2,127.32 2 1
github.com/SoegiDev/EmployeesGo/empGo.go:102.27,104.3 1 0
github.com/SoegiDev/EmployeesGo/empGo.go:109.22,110.51 1 0
github.com/SoegiDev/EmployeesGo/empGo.go:110.51,112.4 1 0
github.com/SoegiDev/EmployeesGo/empGo.go:114.33,116.3 1 1
github.com/SoegiDev/EmployeesGo/empGo.go:117.32,119.3 1 1
github.com/SoegiDev/EmployeesGo/empGo.go:130.61,133.22 3 0
github.com/SoegiDev/EmployeesGo/empGo.go:140.2,140.26 1 0
github.com/SoegiDev/EmployeesGo/empGo.go:133.22,134.51 1 0
github.com/SoegiDev/EmployeesGo/empGo.go:134.51,136.4 1 0
github.com/SoegiDev/EmployeesGo/empGo.go:144.57,148.22 3 1
github.com/SoegiDev/EmployeesGo/empGo.go:151.2,151.27 1 1
github.com/SoegiDev/EmployeesGo/empGo.go:155.2,155.25 1 1
github.com/SoegiDev/EmployeesGo/empGo.go:148.22,150.3 1 0
github.com/SoegiDev/EmployeesGo/empGo.go:151.27,153.3 1 1
github.com/SoegiDev/EmployeesGo/empGo.go:158.88,161.22 3 1
github.com/SoegiDev/EmployeesGo/empGo.go:164.2,164.12 1 1
github.com/SoegiDev/EmployeesGo/empGo.go:161.22,163.3 1 0
github.com/SoegiDev/EmployeesGo/empGo.go:167.59,170.22 3 0
github.com/SoegiDev/EmployeesGo/empGo.go:177.2,178.12 2 0
github.com/SoegiDev/EmployeesGo/empGo.go:170.22,171.51 1 0
github.com/SoegiDev/EmployeesGo/empGo.go:171.51,173.4 1 0
github.com/SoegiDev/EmployeesGo/empGo.go:181.72,185.27 4 1
github.com/SoegiDev/EmployeesGo/empGo.go:188.2,192.22 4 1
github.com/SoegiDev/EmployeesGo/empGo.go:198.2,198.28 1 1
github.com/SoegiDev/EmployeesGo/empGo.go:202.2,207.29 2 1
github.com/SoegiDev/EmployeesGo/empGo.go:185.27,187.3 1 0
github.com/SoegiDev/EmployeesGo/empGo.go:192.22,193.51 1 0
github.com/SoegiDev/EmployeesGo/empGo.go:193.51,195.4 1 0
github.com/SoegiDev/EmployeesGo/empGo.go:198.28,200.3 1 1
github.com/SoegiDev/EmployeesGo/empGo.go:210.55,213.22 3 0
github.com/SoegiDev/EmployeesGo/empGo.go:220.2,220.23 1 0
github.com/SoegiDev/EmployeesGo/empGo.go:213.22,214.51 1 0
github.com/SoegiDev/EmployeesGo/empGo.go:214.51,216.4 1 0
github.com/SoegiDev/EmployeesGo/empGo.go:224.59,228.22 3 1
github.com/SoegiDev/EmployeesGo/empGo.go:231.2,231.27 1 1
github.com/SoegiDev/EmployeesGo/empGo.go:235.2,235.25 1 1
github.com/SoegiDev/EmployeesGo/empGo.go:228.22,230.3 1 0
github.com/SoegiDev/EmployeesGo/empGo.go:231.27,233.3 1 1
github.com/SoegiDev/EmployeesGo/empGo.go:238.90,241.22 3 0
github.com/SoegiDev/EmployeesGo/empGo.go:244.2,244.12 1 0
github.com/SoegiDev/EmployeesGo/empGo.go:241.22,243.3 1 0
github.com/SoegiDev/EmployeesGo/empGo.go:247.61,250.22 3 0
github.com/SoegiDev/EmployeesGo/empGo.go:257.2,258.12 2 0
github.com/SoegiDev/EmployeesGo/empGo.go:250.22,251.51 1 0
github.com/SoegiDev/EmployeesGo/empGo.go:251.51,253.4 1 0
github.com/SoegiDev/EmployeesGo/empGo.go:261.74,265.27 4 1
github.com/SoegiDev/EmployeesGo/empGo.go:268.2,272.22 4 1
github.com/SoegiDev/EmployeesGo/empGo.go:277.2,277.30 1 1
github.com/SoegiDev/EmployeesGo/empGo.go:281.2,289.30 2 1
github.com/SoegiDev/EmployeesGo/empGo.go:265.27,267.3 1 0
github.com/SoegiDev/EmployeesGo/empGo.go:272.22,273.51 1 0
github.com/SoegiDev/EmployeesGo/empGo.go:273.51,275.4 1 0
github.com/SoegiDev/EmployeesGo/empGo.go:277.30,279.3 1 1
github.com/SoegiDev/EmployeesGo/empGo.go:292.57,295.22 3 0
github.com/SoegiDev/EmployeesGo/empGo.go:302.2,302.24 1 0
github.com/SoegiDev/EmployeesGo/empGo.go:295.22,296.51 1 0
github.com/SoegiDev/EmployeesGo/empGo.go:296.51,298.4 1 0
github.com/SoegiDev/EmployeesGo/empGo.go:306.55,310.22 3 1
github.com/SoegiDev/EmployeesGo/empGo.go:313.2,313.27 1 1
github.com/SoegiDev/EmployeesGo/empGo.go:317.2,317.25 1 1
github.com/SoegiDev/EmployeesGo/empGo.go:310.22,312.3 1 0
github.com/SoegiDev/EmployeesGo/empGo.go:313.27,315.3 1 1
github.com/SoegiDev/EmployeesGo/empGo.go:320.86,323.22 3 1
github.com/SoegiDev/EmployeesGo/empGo.go:326.2,326.12 1 1
github.com/SoegiDev/EmployeesGo/empGo.go:323.22,325.3 1 0
github.com/SoegiDev/EmployeesGo/empGo.go:329.57,332.22 3 1
github.com/SoegiDev/EmployeesGo/empGo.go:336.2,337.29 2 1
github.com/SoegiDev/EmployeesGo/empGo.go:340.2,340.12 1 1
github.com/SoegiDev/EmployeesGo/empGo.go:332.22,334.3 1 0
github.com/SoegiDev/EmployeesGo/empGo.go:337.29,339.3 1 0
github.com/SoegiDev/EmployeesGo/empGo.go:343.62,345.27 2 1
github.com/SoegiDev/EmployeesGo/empGo.go:348.2,352.22 4 1
github.com/SoegiDev/EmployeesGo/empGo.go:359.2,359.22 1 0
github.com/SoegiDev/EmployeesGo/empGo.go:345.27,347.3 1 0
github.com/SoegiDev/EmployeesGo/empGo.go:352.22,353.51 1 1
github.com/SoegiDev/EmployeesGo/empGo.go:353.51,355.4 1 1
github.com/SoegiDev/EmployeesGo/empGo.go:362.53,365.22 3 0
github.com/SoegiDev/EmployeesGo/empGo.go:372.2,372.22 1 0
github.com/SoegiDev/EmployeesGo/empGo.go:365.22,366.51 1 0
github.com/SoegiDev/EmployeesGo/empGo.go:366.51,368.4 1 0
github.com/SoegiDev/EmployeesGo/empGo.go:376.49,380.22 3 1
github.com/SoegiDev/EmployeesGo/empGo.go:383.2,383.27 1 1
github.com/SoegiDev/EmployeesGo/empGo.go:387.2,387.25 1 1
github.com/SoegiDev/EmployeesGo/empGo.go:380.22,382.3 1 0
github.com/SoegiDev/EmployeesGo/empGo.go:383.27,385.3 1 1
github.com/SoegiDev/EmployeesGo/empGo.go:390.80,393.22 3 0
github.com/SoegiDev/EmployeesGo/empGo.go:396.2,396.12 1 0
github.com/SoegiDev/EmployeesGo/empGo.go:393.22,395.3 1 0
github.com/SoegiDev/EmployeesGo/empGo.go:399.51,402.22 3 0
github.com/SoegiDev/EmployeesGo/empGo.go:409.2,410.12 2 0
github.com/SoegiDev/EmployeesGo/empGo.go:402.22,403.51 1 0
github.com/SoegiDev/EmployeesGo/empGo.go:403.51,405.4 1 0
github.com/SoegiDev/EmployeesGo/empGo.go:413.56,415.27 2 1
github.com/SoegiDev/EmployeesGo/empGo.go:418.2,422.22 4 1
github.com/SoegiDev/EmployeesGo/empGo.go:429.2,429.19 1 1
github.com/SoegiDev/EmployeesGo/empGo.go:415.27,417.3 1 0
github.com/SoegiDev/EmployeesGo/empGo.go:422.22,423.51 1 0
github.com/SoegiDev/EmployeesGo/empGo.go:423.51,425.4 1 0
github.com/SoegiDev/EmployeesGo/empGo.go:432.47,435.22 3 0
github.com/SoegiDev/EmployeesGo/empGo.go:442.2,442.19 1 0
github.com/SoegiDev/EmployeesGo/empGo.go:435.22,436.51 1 0
github.com/SoegiDev/EmployeesGo/empGo.go:436.51,438.4 1 0
github.com/SoegiDev/EmployeesGo/empGo.go:446.63,450.22 3 1
github.com/SoegiDev/EmployeesGo/empGo.go:453.2,453.27 1 1
github.com/SoegiDev/EmployeesGo/empGo.go:457.2,457.25 1 1
github.com/SoegiDev/EmployeesGo/empGo.go:450.22,452.3 1 0
github.com/SoegiDev/EmployeesGo/empGo.go:453.27,455.3 1 1
github.com/SoegiDev/EmployeesGo/empGo.go:460.87,463.22 3 0
github.com/SoegiDev/EmployeesGo/empGo.go:466.2,466.12 1 0
github.com/SoegiDev/EmployeesGo/empGo.go:463.22,465.3 1 0
github.com/SoegiDev/EmployeesGo/empGo.go:469.58,472.22 3 0
github.com/SoegiDev/EmployeesGo/empGo.go:479.2,480.12 2 0
github.com/SoegiDev/EmployeesGo/empGo.go:472.22,473.51 1 0
github.com/SoegiDev/EmployeesGo/empGo.go:473.51,475.4 1 0
github.com/SoegiDev/EmployeesGo/empGo.go:483.78,488.27 5 1
github.com/SoegiDev/EmployeesGo/empGo.go:491.2,495.22 4 1
github.com/SoegiDev/EmployeesGo/empGo.go:501.2,501.21 1 1
github.com/SoegiDev/EmployeesGo/empGo.go:504.2,504.21 1 1
github.com/SoegiDev/EmployeesGo/empGo.go:507.2,515.23 2 1
github.com/SoegiDev/EmployeesGo/empGo.go:488.27,490.3 1 0
github.com/SoegiDev/EmployeesGo/empGo.go:495.22,496.51 1 0
github.com/SoegiDev/EmployeesGo/empGo.go:496.51,498.4 1 0
github.com/SoegiDev/EmployeesGo/empGo.go:501.21,503.3 1 1
github.com/SoegiDev/EmployeesGo/empGo.go:504.21,506.3 1 1
github.com/SoegiDev/EmployeesGo/empGo.go:518.61,521.22 3 0
github.com/SoegiDev/EmployeesGo/empGo.go:528.2,528.19 1 0
github.com/SoegiDev/EmployeesGo/empGo.go:521.22,522.51 1 0
github.com/SoegiDev/EmployeesGo/empGo.go:522.51,524.4 1 0
github.com/SoegiDev/EmployeesGo/empGo.go:532.59,536.22 3 1
github.com/SoegiDev/EmployeesGo/empGo.go:539.2,539.27 1 1
github.com/SoegiDev/EmployeesGo/empGo.go:543.2,543.25 1 1
github.com/SoegiDev/EmployeesGo/empGo.go:536.22,538.3 1 0
github.com/SoegiDev/EmployeesGo/empGo.go:539.27,541.3 1 1
github.com/SoegiDev/EmployeesGo/empGo.go:546.90,549.22 3 0
github.com/SoegiDev/EmployeesGo/empGo.go:552.2,552.12 1 0
github.com/SoegiDev/EmployeesGo/empGo.go:549.22,551.3 1 0
github.com/SoegiDev/EmployeesGo/empGo.go:555.61,558.22 3 0
github.com/SoegiDev/EmployeesGo/empGo.go:565.2,566.12 2 0
github.com/SoegiDev/EmployeesGo/empGo.go:558.22,559.51 1 0
github.com/SoegiDev/EmployeesGo/empGo.go:559.51,561.4 1 0
github.com/SoegiDev/EmployeesGo/empGo.go:569.74,574.27 5 1
github.com/SoegiDev/EmployeesGo/empGo.go:577.2,581.22 4 1
github.com/SoegiDev/EmployeesGo/empGo.go:586.2,586.33 1 1
github.com/SoegiDev/EmployeesGo/empGo.go:589.2,589.26 1 1
github.com/SoegiDev/EmployeesGo/empGo.go:592.2,608.24 2 1
github.com/SoegiDev/EmployeesGo/empGo.go:574.27,576.3 1 0
github.com/SoegiDev/EmployeesGo/empGo.go:581.22,582.51 1 0
github.com/SoegiDev/EmployeesGo/empGo.go:582.51,584.4 1 0
github.com/SoegiDev/EmployeesGo/empGo.go:586.33,588.3 1 1
github.com/SoegiDev/EmployeesGo/empGo.go:589.26,591.3 1 1
github.com/SoegiDev/EmployeesGo/empGo.go:611.57,614.22 3 0
github.com/SoegiDev/EmployeesGo/empGo.go:621.2,621.24 1 0
github.com/SoegiDev/EmployeesGo/empGo.go:614.22,615.51 1 0
github.com/SoegiDev/EmployeesGo/empGo.go:615.51,617.4 1 0
github.com/SoegiDev/EmployeesGo/empGo.go:624.35,625.13 1 1
github.com/SoegiDev/EmployeesGo/empGo.go:629.2,629.11 1 1
github.com/SoegiDev/EmployeesGo/empGo.go:625.13,627.3 1 0
github.com/SoegiDev/EmployeesGo/employee.go:39.38,41.2 1 1
github.com/SoegiDev/EmployeesGo/job.go:11.33,13.2 1 1
github.com/SoegiDev/EmployeesGo/job_history.go:23.40,25.2 1 1
github.com/SoegiDev/EmployeesGo/location.go:21.38,23.2 1 1
github.com/SoegiDev/EmployeesGo/region.go:8.36,10.2 1 1
